\BOOKMARK [1][-]{section.1}{\376\377\000I\000n\000t\000r\000o\000d\000u\000c\000t\000i\000o\000n}{}% 1
\BOOKMARK [1][-]{section.2}{\376\377\000T\000h\000e\000o\000r\000y}{}% 2
\BOOKMARK [2][-]{subsection.2.1}{\376\377\000S\000e\000t\000\040\000u\000p}{section.2}% 3
\BOOKMARK [2][-]{subsection.2.2}{\376\377\000M\000a\000r\000g\000i\000n\000a\000l\000\040\000c\000o\000n\000f\000i\000d\000e\000n\000c\000e\000\040\000s\000e\000t\000s}{section.2}% 4
\BOOKMARK [2][-]{subsection.2.3}{\376\377\000J\000o\000i\000n\000t\000\040\000c\000o\000n\000f\000i\000d\000e\000n\000c\000e\000\040\000s\000e\000t\000s}{section.2}% 5
\BOOKMARK [2][-]{subsection.2.4}{\376\377\000O\000p\000t\000i\000m\000i\000z\000i\000n\000g\000\040\000s\000c\000o\000r\000e\000\040\000t\000r\000a\000n\000s\000f\000o\000r\000m\000a\000t\000i\000o\000n\000s}{section.2}% 6
\BOOKMARK [2][-]{subsection.2.5}{\376\377\000C\000o\000n\000s\000t\000r\000u\000c\000t\000i\000n\000g\000\040\000c\000o\000n\000f\000i\000d\000e\000n\000c\000e\000\040\000s\000e\000t\000s\000\040\000f\000r\000o\000m\000\040\000b\000o\000u\000n\000d\000i\000n\000g\000\040\000b\000o\000x\000e\000s}{section.2}% 7
\BOOKMARK [1][-]{section.3}{\376\377\000A\000p\000p\000l\000i\000c\000a\000t\000i\000o\000n\000\040\000t\000o\000\040\000p\000o\000l\000y\000p\000s\000\040\000s\000e\000g\000m\000e\000n\000t\000a\000t\000i\000o\000n}{}% 8
\BOOKMARK [2][-]{subsection.3.1}{\376\377\000C\000h\000o\000o\000s\000i\000n\000g\000\040\000a\000\040\000s\000c\000o\000r\000e\000\040\000t\000r\000a\000n\000s\000f\000o\000r\000m\000a\000t\000i\000o\000n}{section.3}% 9
\BOOKMARK [2][-]{subsection.3.2}{\376\377\000I\000l\000l\000u\000s\000t\000r\000a\000t\000i\000n\000g\000\040\000t\000h\000e\000\040\000p\000e\000r\000f\000o\000r\000m\000a\000n\000c\000e\000\040\000o\000f\000\040\000c\000o\000n\000f\000o\000r\000m\000a\000l\000\040\000c\000o\000n\000f\000i\000d\000e\000n\000c\000e\000\040\000s\000e\000t\000s}{section.3}% 10
\BOOKMARK [2][-]{subsection.3.3}{\376\377\000M\000e\000a\000s\000u\000r\000i\000n\000g\000\040\000t\000h\000e\000\040\000c\000o\000v\000e\000r\000g\000e\000\040\000r\000a\000t\000e}{section.3}% 11
\BOOKMARK [2][-]{subsection.3.4}{\376\377\000C\000o\000m\000p\000a\000r\000i\000n\000g\000\040\000t\000h\000e\000\040\000e\000f\000f\000i\000c\000i\000e\000n\000c\000y\000\040\000o\000f\000\040\000t\000h\000e\000\040\000b\000o\000u\000n\000d\000s}{section.3}% 12
\BOOKMARK [1][-]{section.4}{\376\377\000A\000p\000p\000l\000i\000c\000a\000t\000i\000o\000n\000\040\000t\000o\000\040\000b\000r\000a\000i\000n\000\040\000i\000m\000a\000g\000i\000n\000g\000\040\000s\000e\000g\000m\000e\000n\000t\000a\000t\000i\000o\000n}{}% 13
\BOOKMARK [1][-]{section.5}{\376\377\000A\000p\000p\000l\000i\000c\000a\000t\000i\000o\000n\000\040\000t\000o\000\040\000t\000e\000e\000t\000h\000\040\000s\000e\000g\000m\000e\000n\000t\000a\000t\000i\000o\000n}{}% 14
\BOOKMARK [1][-]{section.6}{\376\377\000D\000i\000s\000c\000u\000s\000s\000i\000o\000n}{}% 15
\BOOKMARK [1][-]{appendix.A}{\376\377\000A\000p\000p\000e\000n\000d\000i\000x}{}% 16
\BOOKMARK [2][-]{subsection.A.1}{\376\377\000O\000b\000t\000a\000i\000n\000i\000n\000g\000\040\000c\000o\000n\000f\000o\000r\000m\000a\000l\000\040\000c\000o\000n\000f\000i\000d\000e\000n\000c\000e\000\040\000s\000e\000t\000s\000\040\000w\000i\000t\000h\000\040\000i\000n\000c\000r\000e\000a\000s\000i\000n\000g\000\040\000c\000o\000m\000b\000i\000n\000a\000t\000i\000o\000n\000\040\000f\000u\000n\000c\000t\000i\000o\000n\000s}{appendix.A}% 17
\BOOKMARK [2][-]{subsection.A.2}{\376\377\000O\000b\000t\000a\000i\000n\000i\000n\000g\000\040\000c\000o\000n\000f\000i\000d\000e\000n\000c\000e\000\040\000s\000e\000t\000s\000\040\000f\000r\000o\000m\000\040\000r\000i\000s\000k\000\040\000c\000o\000n\000t\000r\000o\000l}{appendix.A}% 18
\BOOKMARK [2][-]{subsection.A.3}{\376\377\000D\000e\000r\000i\000v\000i\000n\000g\000\040\000c\000o\000n\000f\000i\000d\000e\000n\000c\000e\000\040\000s\000e\000t\000s\000\040\000f\000r\000o\000m\000\040\000b\000o\000u\000n\000d\000i\000n\000g\000\040\000b\000o\000x\000e\000s}{appendix.A}% 19
\BOOKMARK [2][-]{subsection.A.4}{\376\377\000A\000d\000d\000i\000t\000i\000o\000n\000a\000l\000\040\000s\000e\000t\000t\000i\000n\000g\000s\000\040\000f\000o\000r\000\040\000p\000o\000l\000y\000p\000s\000\040\000s\000e\000g\000m\000e\000n\000t\000a\000t\000i\000o\000n}{appendix.A}% 20
\BOOKMARK [3][-]{subsubsection.A.4.1}{\376\377\000A\000d\000d\000i\000t\000i\000o\000n\000a\000l\000\040\000e\000x\000a\000m\000p\000l\000e\000s\000\040\000f\000r\000o\000m\000\040\000t\000h\000e\000\040\000l\000e\000a\000r\000n\000i\000n\000g\000\040\000d\000a\000t\000a\000s\000e\000t}{subsection.A.4}% 21
\BOOKMARK [3][-]{subsubsection.A.4.2}{\376\377\000V\000a\000l\000i\000d\000i\000t\000i\000o\000n\000\040\000f\000i\000g\000u\000r\000e\000s\000\040\000f\000o\000r\000\040\000t\000h\000e\000\040\000o\000r\000i\000g\000i\000n\000a\000l\000\040\000a\000n\000d\000\040\000b\000o\000u\000n\000d\000i\000n\000g\000\040\000b\000o\000x\000\040\000s\000c\000o\000r\000e\000s}{subsection.A.4}% 22
\BOOKMARK [3][-]{subsubsection.A.4.3}{\376\377\000A\000d\000d\000i\000t\000i\000o\000n\000a\000l\000\040\000v\000a\000l\000i\000d\000i\000t\000i\000o\000n\000\040\000f\000i\000g\000u\000r\000e\000s}{subsection.A.4}% 23
\BOOKMARK [3][-]{subsubsection.A.4.4}{\376\377\000C\000o\000n\000f\000i\000d\000e\000n\000c\000e\000\040\000s\000e\000t\000s\000\040\000f\000o\000r\000\040\000t\000h\000e\000\040\000b\000o\000u\000n\000d\000i\000n\000g\000\040\000b\000o\000x\000e\000s}{subsection.A.4}% 24
\BOOKMARK [3][-]{subsubsection.A.4.5}{\376\377\000J\000o\000i\000n\000t\000\040\0009\0000\000\045\000\040\000c\000o\000n\000f\000i\000d\000e\000n\000c\000e\000\040\000r\000e\000g\000i\000o\000n\000s}{subsection.A.4}% 25
\BOOKMARK [3][-]{subsubsection.A.4.6}{\376\377\000M\000a\000r\000g\000i\000n\000a\000l\000\040\0008\0000\000\040\000\045\000\040\000C\000o\000n\000f\000i\000d\000e\000n\000c\000e\000\040\000r\000e\000g\000i\000o\000n\000s}{subsection.A.4}% 26
\BOOKMARK [3][-]{subsubsection.A.4.7}{\376\377\000M\000a\000r\000g\000i\000n\000a\000l\000\040\0009\0005\000\040\000\045\000\040\000C\000o\000n\000f\000i\000d\000e\000n\000c\000e\000\040\000r\000e\000g\000i\000o\000n\000s}{subsection.A.4}% 27
\BOOKMARK [3][-]{subsubsection.A.4.8}{\376\377\000H\000i\000s\000t\000o\000g\000r\000a\000m\000s\000\040\000o\000f\000\040\000t\000h\000e\000\040\000c\000o\000v\000e\000r\000a\000g\000e}{subsection.A.4}% 28
\BOOKMARK [3][-]{subsubsection.A.4.9}{\376\377\000C\000o\000m\000p\000a\000r\000i\000n\000g\000\040\000t\000h\000e\000\040\000p\000r\000o\000p\000o\000r\000t\000i\000o\000n}{subsection.A.4}% 29
\BOOKMARK [2][-]{subsection.A.5}{\376\377\000A\000d\000d\000i\000t\000i\000o\000n\000a\000l\000\040\000s\000e\000t\000t\000i\000n\000g\000s\000\040\000f\000o\000r\000\040\000b\000r\000a\000i\000n\000\040\000m\000a\000s\000k\000\040\000s\000e\000g\000m\000e\000n\000t\000a\000t\000i\000o\000n}{appendix.A}% 30
\BOOKMARK [3][-]{subsubsection.A.5.1}{\376\377\000C\000o\000m\000p\000a\000r\000i\000n\000g\000\040\000o\000r\000i\000g\000i\000n\000a\000l\000\040\000a\000n\000d\000\040\000d\000i\000s\000t\000a\000n\000c\000e\000\040\000t\000r\000a\000n\000s\000f\000o\000r\000m\000e\000d\000\040\000s\000c\000o\000r\000e\000s\000\040\000o\000n\000\040\000t\000h\000e\000\040\000l\000e\000a\000r\000n\000i\000n\000g\000\040\000d\000a\000t\000a\000s\000e\000t}{subsection.A.5}% 31
\BOOKMARK [3][-]{subsubsection.A.5.2}{\376\377\000C\000o\000m\000p\000a\000r\000i\000n\000g\000\040\000s\000m\000o\000o\000t\000h\000\040\000t\000r\000a\000n\000s\000f\000o\000r\000m\000e\000d\000\040\000s\000c\000o\000r\000e\000s\000\040\000o\000n\000\040\000t\000h\000e\000\040\000l\000e\000a\000r\000n\000i\000n\000g\000\040\000d\000a\000t\000a\000s\000e\000t}{subsection.A.5}% 32
\BOOKMARK [3][-]{subsubsection.A.5.3}{\376\377\000C\000o\000m\000p\000a\000r\000i\000n\000g\000\040\000o\000r\000i\000g\000i\000n\000a\000l\000\040\000a\000n\000d\000\040\000d\000i\000s\000t\000a\000n\000c\000e\000\040\000t\000r\000a\000n\000s\000f\000o\000r\000m\000e\000d\000\040\000s\000c\000o\000r\000e\000s\000\040\000o\000n\000\040\000t\000h\000e\000\040\000t\000e\000s\000t\000\040\000d\000a\000t\000a\000s\000e\000t}{subsection.A.5}% 33
\BOOKMARK [3][-]{subsubsection.A.5.4}{\376\377\000C\000o\000m\000p\000u\000t\000i\000n\000g\000\040\000t\000h\000e\000\040\000c\000o\000v\000e\000r\000a\000g\000e\000\040\000f\000o\000r\000\040\000t\000h\000e\000\040\000b\000r\000a\000i\000n\000\040\000i\000m\000a\000g\000i\000n\000g\000\040\000d\000a\000t\000a}{subsection.A.5}% 34
\BOOKMARK [2][-]{subsection.A.6}{\376\377\000A\000d\000d\000i\000t\000i\000o\000n\000a\000l\000\040\000s\000e\000t\000t\000i\000n\000g\000s\000\040\000f\000o\000r\000\040\000t\000e\000e\000t\000h\000\040\000s\000e\000g\000m\000e\000n\000t\000a\000t\000i\000o\000n}{appendix.A}% 35
\BOOKMARK [3][-]{subsubsection.A.6.1}{\376\377\000C\000o\000m\000p\000a\000r\000i\000n\000g\000\040\000o\000r\000i\000g\000i\000n\000a\000l\000\040\000a\000n\000d\000\040\000d\000i\000s\000t\000a\000n\000c\000e\000\040\000t\000r\000a\000n\000s\000f\000o\000r\000m\000e\000d\000\040\000s\000c\000o\000r\000e\000s\000\040\000o\000n\000\040\000t\000h\000e\000\040\000l\000e\000a\000r\000n\000i\000n\000g\000\040\000d\000a\000t\000a\000s\000e\000t}{subsection.A.6}% 36
\BOOKMARK [3][-]{subsubsection.A.6.2}{\376\377\000C\000o\000m\000p\000a\000r\000i\000n\000g\000\040\000s\000m\000o\000o\000t\000h\000\040\000t\000r\000a\000n\000s\000f\000o\000r\000m\000e\000d\000\040\000s\000c\000o\000r\000e\000s\000\040\000o\000n\000\040\000t\000h\000e\000\040\000l\000e\000a\000r\000n\000i\000n\000g\000\040\000d\000a\000t\000a\000s\000e\000t}{subsection.A.6}% 37
\BOOKMARK [3][-]{subsubsection.A.6.3}{\376\377\000C\000o\000m\000p\000a\000r\000i\000n\000g\000\040\000t\000o\000\040\000t\000h\000e\000\040\000o\000r\000i\000g\000i\000n\000a\000l\000\040\000s\000c\000o\000r\000e\000s\000\040\000o\000n\000\040\000t\000h\000e\000\040\000t\000e\000s\000t\000\040\000d\000a\000t\000a\000s\000e\000t}{subsection.A.6}% 38
\BOOKMARK [3][-]{subsubsection.A.6.4}{\376\377\000C\000o\000m\000p\000u\000t\000i\000n\000g\000\040\000t\000h\000e\000\040\000c\000o\000v\000e\000r\000a\000g\000e\000\040\000f\000o\000r\000\040\000t\000h\000e\000\040\000t\000e\000e\000t\000h\000\040\000d\000a\000t\000a\000s\000e\000t}{subsection.A.6}% 39
\BOOKMARK [2][-]{subsection.A.7}{\376\377\000C\000o\000m\000p\000a\000r\000i\000n\000g\000\040\000p\000e\000r\000f\000o\000r\000m\000a\000n\000c\000e\000\040\000m\000e\000t\000r\000i\000c\000s\000\040\000f\000o\000r\000\040\000e\000a\000c\000h\000\040\000s\000e\000g\000m\000e\000n\000t\000a\000t\000i\000o\000n\000\040\000m\000o\000d\000e\000l}{appendix.A}% 40
\BOOKMARK [2][-]{subsection.A.8}{\376\377\000A\000n\000a\000l\000o\000g\000y\000\040\000t\000o\000\040\000F\000W\000E\000R\000\040\000c\000o\000n\000t\000r\000o\000l}{appendix.A}% 41
